TN:
SF:LinkedList.js
FN:2,(anonymous_0)
FN:7,(anonymous_1)
FN:13,(anonymous_2)
FN:18,(anonymous_3)
FN:28,(anonymous_4)
FN:37,(anonymous_5)
FN:46,(anonymous_6)
FN:58,(anonymous_7)
FN:64,(anonymous_8)
FNF:9
FNH:8
FNDA:14,(anonymous_0)
FNDA:37,(anonymous_1)
FNDA:2,(anonymous_2)
FNDA:12,(anonymous_3)
FNDA:4,(anonymous_4)
FNDA:4,(anonymous_5)
FNDA:0,(anonymous_6)
FNDA:38,(anonymous_7)
FNDA:13,(anonymous_8)
DA:3,14
DA:4,14
DA:8,37
DA:9,37
DA:10,37
DA:14,2
DA:15,2
DA:19,12
DA:21,6
DA:22,6
DA:23,7
DA:25,6
DA:29,4
DA:30,3
DA:31,3
DA:33,1
DA:34,1
DA:38,4
DA:39,3
DA:40,3
DA:42,1
DA:43,1
DA:47,0
DA:48,0
DA:49,0
DA:50,0
DA:51,0
DA:53,0
DA:59,38
DA:60,38
DA:64,1
DA:65,13
DA:66,13
DA:67,34
DA:69,13
DA:72,1
LF:36
LH:30
BRDA:19,0,0,6
BRDA:19,0,1,6
BRDA:19,1,0,12
BRDA:19,1,1,8
BRDA:29,2,0,1
BRDA:29,2,1,3
BRDA:31,3,0,2
BRDA:31,3,1,1
BRDA:38,4,0,1
BRDA:38,4,1,3
BRDA:40,5,0,2
BRDA:40,5,1,1
BRF:12
BRH:12
end_of_record
