<?xml version="1.0" encoding="UTF-8"?>
<coverage generated="1673297440151" clover="3.2.0">
  <project timestamp="1673297440151" name="All files">
    <metrics statements="27" coveredstatements="26" conditionals="12" coveredconditionals="9" methods="12" coveredmethods="12" elements="51" coveredelements="47" complexity="0" loc="27" ncloc="27" packages="1" files="2" classes="2"/>
    <file name="sum.js" path="E:\MyRepos\108-typescript\odin js course\Testing Practice\sum.js">
      <metrics statements="1" coveredstatements="1" conditionals="0" coveredconditionals="0" methods="1" coveredmethods="1"/>
      <line num="4" count="1" type="stmt"/>
    </file>
    <file name="tests.js" path="E:\MyRepos\108-typescript\odin js course\Testing Practice\tests.js">
      <metrics statements="26" coveredstatements="25" conditionals="12" coveredconditionals="9" methods="11" coveredmethods="11"/>
      <line num="2" count="1" type="stmt"/>
      <line num="6" count="1" type="stmt"/>
      <line num="10" count="1" type="stmt"/>
      <line num="14" count="1" type="stmt"/>
      <line num="19" count="1" type="stmt"/>
      <line num="21" count="1" type="stmt"/>
      <line num="25" count="3" type="stmt"/>
      <line num="26" count="3" type="cond" truecount="1" falsecount="1"/>
      <line num="27" count="0" type="stmt"/>
      <line num="29" count="3" type="stmt"/>
      <line num="33" count="3" type="stmt"/>
      <line num="34" count="3" type="cond" truecount="2" falsecount="0"/>
      <line num="35" count="1" type="stmt"/>
      <line num="37" count="3" type="stmt"/>
      <line num="41" count="1" type="stmt"/>
      <line num="44" count="7" type="stmt"/>
      <line num="45" count="7" type="cond" truecount="2" falsecount="0"/>
      <line num="46" count="1" type="stmt"/>
      <line num="48" count="6" type="cond" truecount="2" falsecount="0"/>
      <line num="49" count="3" type="stmt"/>
      <line num="51" count="3" type="stmt"/>
      <line num="56" count="1" type="stmt"/>
      <line num="63" count="1" type="stmt"/>
      <line num="64" count="5" type="stmt"/>
      <line num="65" count="5" type="cond" truecount="2" falsecount="0"/>
      <line num="69" count="1" type="stmt"/>
    </file>
  </project>
</coverage>
