{"E:\\MyRepos\\108-typescript\\odin js course\\Testing Practice\\sum.js": {"path":"E:\\MyRepos\\108-typescript\\odin js course\\Testing Practice\\sum.js","statementMap":{"0":{"start":{"line":4,"column":3},"end":{"line":4,"column":16}}},"fnMap":{"0":{"name":"sum","decl":{"start":{"line":3,"column":16},"end":{"line":3,"column":19}},"loc":{"start":{"line":3,"column":26},"end":{"line":5,"column":1}},"line":3}},"branchMap":{},"s":{"0":1},"f":{"0":1},"b":{},"_coverageSchema":"1a1c01bbd47fc00a2c39e90264f33305004495a9","hash":"472e9339fe4ba234076fa50bdf48c29ab4222db3"}
,"E:\\MyRepos\\108-typescript\\odin js course\\Testing Practice\\tests.js": {"path":"E:\\MyRepos\\108-typescript\\odin js course\\Testing Practice\\tests.js","statementMap":{"0":{"start":{"line":2,"column":3},"end":{"line":2,"column":63}},"1":{"start":{"line":6,"column":3},"end":{"line":6,"column":46}},"2":{"start":{"line":10,"column":3},"end":{"line":10,"column":16}},"3":{"start":{"line":14,"column":3},"end":{"line":14,"column":16}},"4":{"start":{"line":19,"column":12},"end":{"line":19,"column":160}},"5":{"start":{"line":21,"column":12},"end":{"line":21,"column":134}},"6":{"start":{"line":25,"column":16},"end":{"line":25,"column":44}},"7":{"start":{"line":26,"column":3},"end":{"line":28,"column":4}},"8":{"start":{"line":27,"column":6},"end":{"line":27,"column":27}},"9":{"start":{"line":29,"column":3},"end":{"line":29,"column":37}},"10":{"start":{"line":33,"column":16},"end":{"line":33,"column":44}},"11":{"start":{"line":34,"column":3},"end":{"line":36,"column":4}},"12":{"start":{"line":35,"column":6},"end":{"line":35,"column":27}},"13":{"start":{"line":37,"column":3},"end":{"line":37,"column":37}},"14":{"start":{"line":41,"column":16},"end":{"line":55,"column":15}},"15":{"start":{"line":44,"column":24},"end":{"line":44,"column":47}},"16":{"start":{"line":45,"column":9},"end":{"line":53,"column":10}},"17":{"start":{"line":46,"column":12},"end":{"line":46,"column":21}},"18":{"start":{"line":48,"column":12},"end":{"line":52,"column":13}},"19":{"start":{"line":49,"column":15},"end":{"line":49,"column":51}},"20":{"start":{"line":51,"column":15},"end":{"line":51,"column":51}},"21":{"start":{"line":56,"column":3},"end":{"line":56,"column":17}},"22":{"start":{"line":63,"column":15},"end":{"line":68,"column":4}},"23":{"start":{"line":64,"column":36},"end":{"line":64,"column":41}},"24":{"start":{"line":65,"column":33},"end":{"line":65,"column":46}},"25":{"start":{"line":69,"column":3},"end":{"line":69,"column":16}}},"fnMap":{"0":{"name":"capitalize","decl":{"start":{"line":1,"column":16},"end":{"line":1,"column":26}},"loc":{"start":{"line":1,"column":35},"end":{"line":3,"column":1}},"line":1},"1":{"name":"reverseStr","decl":{"start":{"line":5,"column":16},"end":{"line":5,"column":26}},"loc":{"start":{"line":5,"column":35},"end":{"line":7,"column":1}},"line":5},"2":{"name":"add","decl":{"start":{"line":9,"column":16},"end":{"line":9,"column":19}},"loc":{"start":{"line":9,"column":26},"end":{"line":11,"column":1}},"line":9},"3":{"name":"subtract","decl":{"start":{"line":13,"column":16},"end":{"line":13,"column":24}},"loc":{"start":{"line":13,"column":31},"end":{"line":15,"column":1}},"line":13},"4":{"name":"upperCipher","decl":{"start":{"line":24,"column":9},"end":{"line":24,"column":20}},"loc":{"start":{"line":24,"column":42},"end":{"line":30,"column":1}},"line":24},"5":{"name":"lowerCipher","decl":{"start":{"line":32,"column":9},"end":{"line":32,"column":20}},"loc":{"start":{"line":32,"column":42},"end":{"line":38,"column":1}},"line":32},"6":{"name":"caesarCipher","decl":{"start":{"line":40,"column":16},"end":{"line":40,"column":28}},"loc":{"start":{"line":40,"column":46},"end":{"line":57,"column":1}},"line":40},"7":{"name":"(anonymous_7)","decl":{"start":{"line":43,"column":11},"end":{"line":43,"column":12}},"loc":{"start":{"line":43,"column":18},"end":{"line":54,"column":7}},"line":43},"8":{"name":"analyzeArray","decl":{"start":{"line":62,"column":16},"end":{"line":62,"column":28}},"loc":{"start":{"line":62,"column":34},"end":{"line":70,"column":1}},"line":62},"9":{"name":"(anonymous_9)","decl":{"start":{"line":64,"column":26},"end":{"line":64,"column":27}},"loc":{"start":{"line":64,"column":36},"end":{"line":64,"column":41}},"line":64},"10":{"name":"(anonymous_10)","decl":{"start":{"line":65,"column":22},"end":{"line":65,"column":23}},"loc":{"start":{"line":65,"column":33},"end":{"line":65,"column":46}},"line":65}},"branchMap":{"0":{"loc":{"start":{"line":24,"column":29},"end":{"line":24,"column":40}},"type":"default-arg","locations":[{"start":{"line":24,"column":39},"end":{"line":24,"column":40}}],"line":24},"1":{"loc":{"start":{"line":26,"column":3},"end":{"line":28,"column":4}},"type":"if","locations":[{"start":{"line":26,"column":3},"end":{"line":28,"column":4}},{"start":{},"end":{}}],"line":26},"2":{"loc":{"start":{"line":32,"column":29},"end":{"line":32,"column":40}},"type":"default-arg","locations":[{"start":{"line":32,"column":39},"end":{"line":32,"column":40}}],"line":32},"3":{"loc":{"start":{"line":34,"column":3},"end":{"line":36,"column":4}},"type":"if","locations":[{"start":{"line":34,"column":3},"end":{"line":36,"column":4}},{"start":{},"end":{}}],"line":34},"4":{"loc":{"start":{"line":45,"column":9},"end":{"line":53,"column":10}},"type":"if","locations":[{"start":{"line":45,"column":9},"end":{"line":53,"column":10}},{"start":{"line":47,"column":16},"end":{"line":53,"column":10}}],"line":45},"5":{"loc":{"start":{"line":48,"column":12},"end":{"line":52,"column":13}},"type":"if","locations":[{"start":{"line":48,"column":12},"end":{"line":52,"column":13}},{"start":{"line":50,"column":19},"end":{"line":52,"column":13}}],"line":48},"6":{"loc":{"start":{"line":65,"column":33},"end":{"line":65,"column":46}},"type":"cond-expr","locations":[{"start":{"line":65,"column":41},"end":{"line":65,"column":42}},{"start":{"line":65,"column":45},"end":{"line":65,"column":46}}],"line":65}},"s":{"0":1,"1":1,"2":1,"3":1,"4":1,"5":1,"6":3,"7":3,"8":0,"9":3,"10":3,"11":3,"12":1,"13":3,"14":1,"15":7,"16":7,"17":1,"18":6,"19":3,"20":3,"21":1,"22":1,"23":5,"24":5,"25":1},"f":{"0":1,"1":1,"2":1,"3":1,"4":3,"5":3,"6":1,"7":7,"8":1,"9":5,"10":5},"b":{"0":[0],"1":[0,3],"2":[0],"3":[1,2],"4":[1,6],"5":[3,3],"6":[4,1]},"_coverageSchema":"1a1c01bbd47fc00a2c39e90264f33305004495a9","hash":"792a5c99ad6e8b24a9ab4a7d36ff9dccfa0009d3"}
}
