TN:
SF:sum.js
FN:3,sum
FNF:1
FNH:1
FNDA:1,sum
DA:4,1
LF:1
LH:1
BRF:0
BRH:0
end_of_record
TN:
SF:tests.js
FN:1,capitalize
FN:5,reverseStr
FN:9,add
FN:13,subtract
FN:24,upperCipher
FN:32,lowerCipher
FN:40,caesarCipher
FN:43,(anonymous_7)
FN:62,analyzeArray
FN:64,(anonymous_9)
FN:65,(anonymous_10)
FNF:11
FNH:11
FNDA:1,capitalize
FNDA:1,reverseStr
FNDA:1,add
FNDA:1,subtract
FNDA:3,upperCipher
FNDA:3,lowerCipher
FNDA:1,caesarCipher
FNDA:7,(anonymous_7)
FNDA:1,analyzeArray
FNDA:5,(anonymous_9)
FNDA:5,(anonymous_10)
DA:2,1
DA:6,1
DA:10,1
DA:14,1
DA:19,1
DA:21,1
DA:25,3
DA:26,3
DA:27,0
DA:29,3
DA:33,3
DA:34,3
DA:35,1
DA:37,3
DA:41,1
DA:44,7
DA:45,7
DA:46,1
DA:48,6
DA:49,3
DA:51,3
DA:56,1
DA:63,1
DA:64,5
DA:65,5
DA:69,1
LF:26
LH:25
BRDA:24,0,0,0
BRDA:26,1,0,0
BRDA:26,1,1,3
BRDA:32,2,0,0
BRDA:34,3,0,1
BRDA:34,3,1,2
BRDA:45,4,0,1
BRDA:45,4,1,6
BRDA:48,5,0,3
BRDA:48,5,1,3
BRDA:65,6,0,4
BRDA:65,6,1,1
BRF:12
BRH:9
end_of_record
